2017-01-23 20:45:43,695 INFO  [org.jboss.modules] (main) JBoss Modules version 1.5.1.Final
2017-01-23 20:45:44,173 INFO  [org.jboss.msc] (main) JBoss MSC version 1.2.6.Final
2017-01-23 20:45:44,379 INFO  [org.jboss.as] (MSC service thread 1-6) WFLYSRV0049: Infinispan Server 8.2.4.Final (WildFly Core 2.0.10.Final) starting
2017-01-23 20:45:44,382 DEBUG [org.jboss.as.config] (MSC service thread 1-6) Configured system properties:
	[Server:server-five] = 
	awt.toolkit = sun.awt.X11.XToolkit
	file.encoding = UTF-8
	file.encoding.pkg = sun.io
	file.separator = /
	java.awt.graphicsenv = sun.awt.X11GraphicsEnvironment
	java.awt.headless = true
	java.awt.printerjob = sun.print.PSPrinterJob
	java.class.path = /usr/local/infinispan-server-8.2.4.Final/jboss-modules.jar
	java.class.version = 52.0
	java.endorsed.dirs = /usr/java/jre1.8.0_102/lib/endorsed
	java.ext.dirs = /usr/java/jre1.8.0_102/lib/ext:/usr/java/packages/lib/ext
	java.home = /usr/java/jre1.8.0_102
	java.io.tmpdir = /tmp
	java.library.path = /usr/java/jre1.8.0_102/lib/amd64/server:/usr/java/jre1.8.0_102/lib/amd64:/usr/java/jre1.8.0_102/../lib/amd64::/lib64:/usr/lib64:/usr/local/lib64:/lib:/usr/lib/gcc:/usr/local/lib:/asw/lib:/usr/local/intel:/usr/lib64/libglib-2.0.so.0.2200.5:/h/SPTasker/SPTasker/Linux64_Runtime_Libs:/ora01/app/oracle/product/11g/jdbc/lib:/usr/java/jre1.8.0_102/lib/amd64/server:/asw/asw_obsproc/obsproc/lib/c:/usr/lib/oracle/11.2/client64/lib:/lib64:/usr/lib64:/usr/local/lib64:/lib:/usr/lib/gcc:/usr/local/lib:/asw/lib:/usr/local/intel:/usr/lib64/libglib-2.0.so.0.2200.5:/h/SPTasker/SPTasker/Linux64_Runtime_Libs:/ora01/app/oracle/product/11g/jdbc/lib:/usr/java/jre1.8.0_102/lib/amd64/server:/asw/asw_obsproc/obsproc/lib/c:/usr/lib/oracle/11.2/client64/lib:/usr/java/packages/lib/amd64:/usr/lib64:/lib64:/lib:/usr/lib
	java.net.preferIPv4Stack = true
	java.runtime.name = Java(TM) SE Runtime Environment
	java.runtime.version = 1.8.0_102-b14
	java.specification.name = Java Platform API Specification
	java.specification.vendor = Oracle Corporation
	java.specification.version = 1.8
	java.util.logging.manager = org.jboss.logmanager.LogManager
	java.vendor = Oracle Corporation
	java.vendor.url = http://java.oracle.com/
	java.vendor.url.bug = http://bugreport.sun.com/bugreport/
	java.version = 1.8.0_102
	java.vm.info = mixed mode
	java.vm.name = Java HotSpot(TM) 64-Bit Server VM
	java.vm.specification.name = Java Virtual Machine Specification
	java.vm.specification.vendor = Oracle Corporation
	java.vm.specification.version = 1.8
	java.vm.vendor = Oracle Corporation
	java.vm.version = 25.102-b14
	javax.management.builder.initial = org.jboss.as.jmx.PluggableMBeanServerBuilder
	javax.xml.datatype.DatatypeFactory = __redirected.__DatatypeFactory
	javax.xml.parsers.DocumentBuilderFactory = __redirected.__DocumentBuilderFactory
	javax.xml.parsers.SAXParserFactory = __redirected.__SAXParserFactory
	javax.xml.stream.XMLEventFactory = __redirected.__XMLEventFactory
	javax.xml.stream.XMLInputFactory = __redirected.__XMLInputFactory
	javax.xml.stream.XMLOutputFactory = __redirected.__XMLOutputFactory
	javax.xml.transform.TransformerFactory = __redirected.__TransformerFactory
	javax.xml.validation.SchemaFactory:http://www.w3.org/2001/XMLSchema = __redirected.__SchemaFactory
	javax.xml.xpath.XPathFactory:http://java.sun.com/jaxp/xpath/dom = __redirected.__XPathFactory
	jboss.domain.base.dir = /usr/local/infinispan-server-8.2.4.Final/domain
	jboss.domain.config.dir = /usr/local/infinispan-server-8.2.4.Final/domain/configuration
	jboss.home.dir = /usr/local/infinispan-server-8.2.4.Final
	jboss.host.name = jmsbaswca2-01
	jboss.modules.dir = /usr/local/infinispan-server-8.2.4.Final/modules
	jboss.modules.system.pkgs = org.jboss.byteman
	jboss.node.name = host3:server-five
	jboss.qualified.host.name = jmsbaswca2-01
	jboss.server.base.dir = /usr/local/infinispan-server-8.2.4.Final/domain/servers/server-five
	jboss.server.config.dir = /usr/local/infinispan-server-8.2.4.Final/domain/servers/server-five/configuration
	jboss.server.data.dir = /usr/local/infinispan-server-8.2.4.Final/domain/servers/server-five/data
	jboss.server.deploy.dir = /usr/local/infinispan-server-8.2.4.Final/domain/servers/server-five/data/content
	jboss.server.log.dir = /usr/local/infinispan-server-8.2.4.Final/domain/servers/server-five/log
	jboss.server.name = server-five
	jboss.server.persist.config = true
	jboss.server.temp.dir = /usr/local/infinispan-server-8.2.4.Final/domain/servers/server-five/tmp
	line.separator = 

	logging.configuration = file:/usr/local/infinispan-server-8.2.4.Final/domain/configuration/default-server-logging.properties
	module.path = /usr/local/infinispan-server-8.2.4.Final/modules
	org.jboss.boot.log.file = /usr/local/infinispan-server-8.2.4.Final/domain/servers/server-five/log/server.log
	org.jboss.resolver.warning = true
	org.xml.sax.driver = __redirected.__XMLReaderFactory
	os.arch = amd64
	os.name = Linux
	os.version = 3.10.0-327.36.1.el7.x86_64
	path.separator = :
	sun.arch.data.model = 64
	sun.boot.class.path = /usr/java/jre1.8.0_102/lib/resources.jar:/usr/java/jre1.8.0_102/lib/rt.jar:/usr/java/jre1.8.0_102/lib/sunrsasign.jar:/usr/java/jre1.8.0_102/lib/jsse.jar:/usr/java/jre1.8.0_102/lib/jce.jar:/usr/java/jre1.8.0_102/lib/charsets.jar:/usr/java/jre1.8.0_102/lib/jfr.jar:/usr/java/jre1.8.0_102/classes
	sun.boot.library.path = /usr/java/jre1.8.0_102/lib/amd64
	sun.cpu.endian = little
	sun.cpu.isalist = 
	sun.io.unicode.encoding = UnicodeLittle
	sun.java.command = /usr/local/infinispan-server-8.2.4.Final/jboss-modules.jar -mp /usr/local/infinispan-server-8.2.4.Final/modules org.jboss.as.server
	sun.java.launcher = SUN_STANDARD
	sun.jnu.encoding = UTF-8
	sun.management.compiler = HotSpot 64-Bit Tiered Compilers
	sun.os.patch.level = unknown
	user.country = US
	user.dir = /usr/local/infinispan-server-8.2.4.Final
	user.home = /home/ispn
	user.language = en
	user.name = ispn
	user.timezone = Africa/Monrovia
2017-01-23 20:45:44,383 DEBUG [org.jboss.as.config] (MSC service thread 1-6) VM Arguments: -D[Server:server-five] -Xms64m -Xmx512m -Djava.awt.headless=true -Djava.net.preferIPv4Stack=true -Djboss.home.dir=/usr/local/infinispan-server-8.2.4.Final -Djboss.modules.system.pkgs=org.jboss.byteman -Djboss.server.log.dir=/usr/local/infinispan-server-8.2.4.Final/domain/servers/server-five/log -Djboss.server.temp.dir=/usr/local/infinispan-server-8.2.4.Final/domain/servers/server-five/tmp -Djboss.server.data.dir=/usr/local/infinispan-server-8.2.4.Final/domain/servers/server-five/data -Dorg.jboss.boot.log.file=/usr/local/infinispan-server-8.2.4.Final/domain/servers/server-five/log/server.log -Dlogging.configuration=file:/usr/local/infinispan-server-8.2.4.Final/domain/configuration/default-server-logging.properties 
2017-01-23 20:45:44,529 INFO  [org.xnio] (MSC service thread 1-3) XNIO version 3.3.4.Final
2017-01-23 20:45:44,544 INFO  [org.xnio.nio] (MSC service thread 1-3) XNIO NIO Implementation Version 3.3.4.Final
2017-01-23 20:45:44,605 INFO  [org.jboss.remoting] (MSC service thread 1-2) JBoss Remoting version 4.0.18.Final
2017-01-23 20:45:46,696 INFO  [org.jboss.as.controller.management-deprecated] (ServerService Thread Pool -- 13) WFLYCTL0028: Attribute 'default-stack' in the resource at address '/subsystem=datagrid-jgroups' is deprecated, and may be removed in future version. See the attribute description in the output of the read-resource-description operation to learn more about the deprecation.
2017-01-23 20:45:47,110 INFO  [org.jboss.as.clustering.infinispan] (ServerService Thread Pool -- 19) Activating Infinispan subsystem.
2017-01-23 20:45:47,116 INFO  [org.jboss.as.naming] (ServerService Thread Pool -- 25) WFLYNAM0001: Activating Naming Subsystem
2017-01-23 20:45:47,116 WARN  [org.jboss.as.txn] (ServerService Thread Pool -- 29) WFLYTX0013: Node identifier property is set to the default value. Please make sure it is unique.
2017-01-23 20:45:47,118 INFO  [org.infinispan.server.jgroups] (ServerService Thread Pool -- 21) DGJGRP0001: Activating JGroups subsystem.
2017-01-23 20:45:47,129 INFO  [org.jboss.as.connector.subsystems.datasources] (ServerService Thread Pool -- 17) WFLYJCA0004: Deploying JDBC-compliant driver class org.h2.Driver (version 1.3)
2017-01-23 20:45:47,134 INFO  [org.jboss.as.security] (ServerService Thread Pool -- 27) WFLYSEC0002: Activating Security Subsystem
2017-01-23 20:45:47,142 INFO  [org.wildfly.extension.io] (ServerService Thread Pool -- 18) WFLYIO001: Worker 'default' has auto-configured to 32 core threads with 256 task threads based on your 16 available processors
2017-01-23 20:45:47,164 INFO  [org.jboss.as.security] (MSC service thread 1-8) WFLYSEC0001: Current PicketBox version=4.9.4.Final
2017-01-23 20:45:47,266 INFO  [org.jboss.as.connector] (MSC service thread 1-5) WFLYJCA0009: Starting JCA Subsystem (WildFly/IronJacamar 1.3.2.Final)
2017-01-23 20:45:47,416 INFO  [org.jboss.as.connector.deployers.jdbc] (MSC service thread 1-2) WFLYJCA0018: Started Driver service with driver-name = h2
2017-01-23 20:45:47,466 INFO  [org.jboss.as.naming] (MSC service thread 1-2) WFLYNAM0003: Starting Naming Service
2017-01-23 20:45:47,937 WARN  [org.infinispan.configuration.cache.IndexingConfigurationBuilder] (ServerService Thread Pool -- 19) ISPN000403: No indexable classes were defined for this indexed cache; switching to autodetection (support for autodetection will be removed in Infinispan 9.0).
2017-01-23 20:45:48,039 INFO  [org.jboss.as.connector.subsystems.datasources] (MSC service thread 1-1) WFLYJCA0001: Bound data source [java:jboss/datasources/ExampleDS]
2017-01-23 20:45:54,443 INFO  [org.infinispan.remoting.transport.jgroups.JGroupsTransport] (MSC service thread 1-8) ISPN000078: Starting JGroups channel clustered
2017-01-23 20:45:54,478 INFO  [org.infinispan.remoting.transport.jgroups.JGroupsTransport] (MSC service thread 1-8) ISPN000094: Received new cluster view for channel clustered: [host3:server-five|0] (1) [host3:server-five]
2017-01-23 20:45:54,492 INFO  [org.infinispan.remoting.transport.jgroups.JGroupsTransport] (MSC service thread 1-8) ISPN000079: Channel clustered local address is host3:server-five, physical addresses are [172.30.174.236:7600]
2017-01-23 20:45:54,503 INFO  [org.infinispan.factories.GlobalComponentRegistry] (MSC service thread 1-8) ISPN000128: Infinispan version: Infinispan 'Chakra' 8.2.4.Final
2017-01-23 20:45:54,639 WARN  [org.infinispan.configuration.cache.IndexingConfigurationBuilder] (MSC service thread 1-1) ISPN000403: No indexable classes were defined for this indexed cache; switching to autodetection (support for autodetection will be removed in Infinispan 9.0).
2017-01-23 20:45:54,660 WARN  [org.infinispan.configuration.cache.IndexingConfigurationBuilder] (MSC service thread 1-1) ISPN000403: No indexable classes were defined for this indexed cache; switching to autodetection (support for autodetection will be removed in Infinispan 9.0).
2017-01-23 20:45:54,671 WARN  [org.infinispan.configuration.cache.IndexingConfigurationBuilder] (MSC service thread 1-1) ISPN000403: No indexable classes were defined for this indexed cache; switching to autodetection (support for autodetection will be removed in Infinispan 9.0).
2017-01-23 20:45:55,608 INFO  [org.infinispan.expiration.impl.ExpirationManagerImpl] (MSC service thread 1-5) ISPN000025: wakeUpInterval is <= 0, not starting expired purge thread
2017-01-23 20:45:55,608 INFO  [org.infinispan.expiration.impl.ExpirationManagerImpl] (MSC service thread 1-6) ISPN000025: wakeUpInterval is <= 0, not starting expired purge thread
2017-01-23 20:45:55,608 INFO  [org.infinispan.expiration.impl.ExpirationManagerImpl] (MSC service thread 1-1) ISPN000025: wakeUpInterval is <= 0, not starting expired purge thread
2017-01-23 20:45:55,640 INFO  [org.jboss.as.clustering.infinispan] (MSC service thread 1-5) DGISPN0001: Started default cache from clustered container
2017-01-23 20:45:55,639 INFO  [org.jboss.as.clustering.infinispan] (MSC service thread 1-1) DGISPN0001: Started memcachedCache cache from clustered container
2017-01-23 20:45:55,639 INFO  [org.jboss.as.clustering.infinispan] (MSC service thread 1-6) DGISPN0001: Started AutoCACache cache from clustered container
2017-01-23 20:45:55,643 INFO  [org.infinispan.server.endpoint] (MSC service thread 1-2) DGENDPT10000: HotRodServer starting
2017-01-23 20:45:55,643 INFO  [org.infinispan.server.endpoint] (MSC service thread 1-6) DGENDPT10000: MemcachedServer starting
2017-01-23 20:45:55,643 INFO  [org.infinispan.server.endpoint] (MSC service thread 1-8) DGENDPT10000: REST starting
2017-01-23 20:45:55,643 INFO  [org.infinispan.server.endpoint] (MSC service thread 1-4) DGENDPT10000: WebSocketServer starting
2017-01-23 20:45:55,648 INFO  [org.infinispan.server.endpoint] (MSC service thread 1-2) DGENDPT10001: HotRodServer listening on 172.30.174.236:11222
2017-01-23 20:45:55,648 INFO  [org.infinispan.server.endpoint] (MSC service thread 1-4) DGENDPT10001: WebSocketServer listening on 172.30.174.236:8181
2017-01-23 20:45:55,648 INFO  [org.infinispan.server.endpoint] (MSC service thread 1-6) DGENDPT10001: MemcachedServer listening on 172.30.174.236:11211
2017-01-23 20:45:55,751 INFO  [org.jboss.as.clustering.infinispan] (MSC service thread 1-8) DGISPN0001: Started ___protobuf_metadata cache from clustered container
2017-01-23 20:45:55,775 INFO  [org.jboss.as.clustering.infinispan] (MSC service thread 1-8) DGISPN0001: Started ___script_cache cache from clustered container
2017-01-23 20:45:55,895 WARN  [org.infinispan.server.core.transport.NettyTransport] (MSC service thread 1-2) ISPN005028: Native Epoll transport not available, using NIO instead: /tmp/libnetty-transport-native-epoll1829143987923067353.so: /tmp/libnetty-transport-native-epoll1829143987923067353.so: failed to map segment from shared object: Operation not permitted
2017-01-23 20:45:55,895 WARN  [org.infinispan.server.core.transport.NettyTransport] (MSC service thread 1-4) ISPN005028: Native Epoll transport not available, using NIO instead: /tmp/libnetty-transport-native-epoll1829143987923067353.so: /tmp/libnetty-transport-native-epoll1829143987923067353.so: failed to map segment from shared object: Operation not permitted
2017-01-23 20:45:55,895 WARN  [org.infinispan.server.core.transport.NettyTransport] (MSC service thread 1-6) ISPN005028: Native Epoll transport not available, using NIO instead: /tmp/libnetty-transport-native-epoll1829143987923067353.so: /tmp/libnetty-transport-native-epoll1829143987923067353.so: failed to map segment from shared object: Operation not permitted
2017-01-23 20:45:56,110 INFO  [org.jboss.as.clustering.infinispan] (MSC service thread 1-2) DGISPN0001: Started ___hotRodTopologyCache cache from clustered container
2017-01-23 20:45:56,303 INFO  [org.infinispan.rest.NettyRestServer] (MSC service thread 1-8) ISPN012003: REST server starting, listening on 172.30.174.236:8080
2017-01-23 20:45:56,304 INFO  [org.infinispan.server.endpoint] (MSC service thread 1-8) DGENDPT10002: REST mapped to /rest
2017-01-23 20:45:56,514 INFO  [org.jboss.as] (Controller Boot Thread) WFLYSRV0025: Infinispan Server 8.2.4.Final (WildFly Core 2.0.10.Final) started in 13842ms - Started 188 of 258 services (147 services are lazy, passive or on-demand)
2017-01-23 20:45:57,310 INFO  [org.infinispan.remoting.transport.jgroups.JGroupsTransport] (Incoming-2,host3:server-five) ISPN000094: Received new cluster view for channel clustered: [host3:server-five|1] (2) [host3:server-five, host3:server-six]
2017-01-23 20:45:59,581 INFO  [org.infinispan.CLUSTER] (remote-thread--p2-t3) ISPN000310: Starting cluster-wide rebalance for cache memcachedCache, topology CacheTopology{id=2, rebalanceId=2, currentCH=DefaultConsistentHash{ns=20, owners = (1)[host3:server-five: 20+0]}, pendingCH=DefaultConsistentHash{ns=20, owners = (2)[host3:server-five: 10+10, host3:server-six: 10+10]}, unionCH=null, actualMembers=[host3:server-five, host3:server-six]}
2017-01-23 20:45:59,581 INFO  [org.infinispan.CLUSTER] (remote-thread--p2-t2) ISPN000310: Starting cluster-wide rebalance for cache default, topology CacheTopology{id=2, rebalanceId=2, currentCH=DefaultConsistentHash{ns=20, owners = (1)[host3:server-five: 20+0]}, pendingCH=DefaultConsistentHash{ns=20, owners = (2)[host3:server-five: 10+10, host3:server-six: 10+10]}, unionCH=null, actualMembers=[host3:server-five, host3:server-six]}
2017-01-23 20:45:59,581 INFO  [org.infinispan.CLUSTER] (remote-thread--p2-t4) ISPN000310: Starting cluster-wide rebalance for cache AutoCACache, topology CacheTopology{id=2, rebalanceId=2, currentCH=DefaultConsistentHash{ns=60, owners = (1)[host3:server-five: 60+0]}, pendingCH=DefaultConsistentHash{ns=60, owners = (2)[host3:server-five: 29+31, host3:server-six: 31+29]}, unionCH=null, actualMembers=[host3:server-five, host3:server-six]}
2017-01-23 20:45:59,593 INFO  [org.infinispan.CLUSTER] (remote-thread--p2-t4) [Context=AutoCACache][Context=host3:server-five]ISPN100002: Started local rebalance
2017-01-23 20:45:59,593 INFO  [org.infinispan.CLUSTER] (remote-thread--p2-t2) [Context=default][Context=host3:server-five]ISPN100002: Started local rebalance
2017-01-23 20:45:59,593 INFO  [org.infinispan.CLUSTER] (remote-thread--p2-t3) [Context=memcachedCache][Context=host3:server-five]ISPN100002: Started local rebalance
2017-01-23 20:45:59,609 INFO  [org.jboss.as.clustering.infinispan] (remote-thread--p2-t4) DGISPN0001: Started ___event_log_cache cache from clustered container
2017-01-23 20:45:59,631 INFO  [org.infinispan.CLUSTER] (transport-thread--p4-t22) [Context=AutoCACache][Context=host3:server-five]ISPN100003: Finished local rebalance
2017-01-23 20:45:59,629 INFO  [org.infinispan.CLUSTER] (transport-thread--p4-t21) [Context=default][Context=host3:server-five]ISPN100003: Finished local rebalance
2017-01-23 20:45:59,629 INFO  [org.infinispan.CLUSTER] (transport-thread--p4-t23) [Context=memcachedCache][Context=host3:server-five]ISPN100003: Finished local rebalance
2017-01-23 20:45:59,750 INFO  [org.infinispan.CLUSTER] (remote-thread--p2-t14) [Context=memcachedCache][Context=host3:server-six]ISPN100003: Finished local rebalance
2017-01-23 20:45:59,757 INFO  [org.infinispan.CLUSTER] (remote-thread--p2-t15) [Context=AutoCACache][Context=host3:server-six]ISPN100003: Finished local rebalance
2017-01-23 20:45:59,757 INFO  [org.infinispan.CLUSTER] (remote-thread--p2-t14) ISPN000336: Finished cluster-wide rebalance for cache memcachedCache, topology id = 2
2017-01-23 20:45:59,762 INFO  [org.infinispan.CLUSTER] (remote-thread--p2-t16) [Context=default][Context=host3:server-six]ISPN100003: Finished local rebalance
2017-01-23 20:45:59,765 INFO  [org.infinispan.CLUSTER] (remote-thread--p2-t15) ISPN000336: Finished cluster-wide rebalance for cache AutoCACache, topology id = 2
2017-01-23 20:45:59,766 INFO  [org.infinispan.CLUSTER] (remote-thread--p2-t16) ISPN000336: Finished cluster-wide rebalance for cache default, topology id = 2
2017-01-23 20:45:59,876 INFO  [org.infinispan.CLUSTER] (remote-thread--p2-t17) ISPN000310: Starting cluster-wide rebalance for cache ___protobuf_metadata, topology CacheTopology{id=2, rebalanceId=2, currentCH=ReplicatedConsistentHash{ns = 256, owners = (1)[host3:server-five: 256]}, pendingCH=ReplicatedConsistentHash{ns = 256, owners = (2)[host3:server-five: 122, host3:server-six: 134]}, unionCH=null, actualMembers=[host3:server-five, host3:server-six]}
2017-01-23 20:45:59,878 INFO  [org.infinispan.CLUSTER] (remote-thread--p2-t17) [Context=___protobuf_metadata][Context=host3:server-five]ISPN100002: Started local rebalance
2017-01-23 20:45:59,880 INFO  [org.infinispan.CLUSTER] (transport-thread--p4-t14) [Context=___protobuf_metadata][Context=host3:server-five]ISPN100003: Finished local rebalance
2017-01-23 20:45:59,930 INFO  [org.infinispan.CLUSTER] (remote-thread--p2-t20) ISPN000310: Starting cluster-wide rebalance for cache ___script_cache, topology CacheTopology{id=2, rebalanceId=2, currentCH=ReplicatedConsistentHash{ns = 256, owners = (1)[host3:server-five: 256]}, pendingCH=ReplicatedConsistentHash{ns = 256, owners = (2)[host3:server-five: 122, host3:server-six: 134]}, unionCH=null, actualMembers=[host3:server-five, host3:server-six]}
2017-01-23 20:45:59,931 INFO  [org.infinispan.CLUSTER] (remote-thread--p2-t20) [Context=___script_cache][Context=host3:server-five]ISPN100002: Started local rebalance
2017-01-23 20:45:59,935 INFO  [org.infinispan.CLUSTER] (remote-thread--p2-t21) [Context=___protobuf_metadata][Context=host3:server-six]ISPN100003: Finished local rebalance
2017-01-23 20:45:59,937 INFO  [org.infinispan.CLUSTER] (transport-thread--p4-t18) [Context=___script_cache][Context=host3:server-five]ISPN100003: Finished local rebalance
2017-01-23 20:45:59,938 INFO  [org.infinispan.CLUSTER] (remote-thread--p2-t21) ISPN000336: Finished cluster-wide rebalance for cache ___protobuf_metadata, topology id = 2
2017-01-23 20:45:59,969 INFO  [org.infinispan.CLUSTER] (remote-thread--p2-t23) [Context=___script_cache][Context=host3:server-six]ISPN100003: Finished local rebalance
2017-01-23 20:45:59,971 INFO  [org.infinispan.CLUSTER] (remote-thread--p2-t23) ISPN000336: Finished cluster-wide rebalance for cache ___script_cache, topology id = 2
2017-01-23 20:46:00,294 INFO  [org.infinispan.CLUSTER] (remote-thread--p2-t24) ISPN000310: Starting cluster-wide rebalance for cache ___hotRodTopologyCache, topology CacheTopology{id=2, rebalanceId=2, currentCH=ReplicatedConsistentHash{ns = 256, owners = (1)[host3:server-five: 256]}, pendingCH=ReplicatedConsistentHash{ns = 256, owners = (2)[host3:server-five: 122, host3:server-six: 134]}, unionCH=null, actualMembers=[host3:server-five, host3:server-six]}
2017-01-23 20:46:00,295 INFO  [org.infinispan.CLUSTER] (remote-thread--p2-t24) [Context=___hotRodTopologyCache][Context=host3:server-five]ISPN100002: Started local rebalance
2017-01-23 20:46:00,301 INFO  [org.infinispan.CLUSTER] (transport-thread--p4-t6) [Context=___hotRodTopologyCache][Context=host3:server-five]ISPN100003: Finished local rebalance
2017-01-23 20:46:00,345 INFO  [org.infinispan.CLUSTER] (remote-thread--p2-t3) [Context=___hotRodTopologyCache][Context=host3:server-six]ISPN100003: Finished local rebalance
2017-01-23 20:46:00,346 INFO  [org.infinispan.CLUSTER] (remote-thread--p2-t3) ISPN000336: Finished cluster-wide rebalance for cache ___hotRodTopologyCache, topology id = 2
2017-01-23 20:46:45,381 WARN  [org.jgroups.protocols.TCP] (Timer-2,host3:server-five) JGRP000032: host3:server-five: no physical address for 551d50d7-d36e-a1f9-8cd3-e02b9bea6469, dropping message
2017-01-23 20:46:45,384 WARN  [org.jgroups.protocols.TCP] (Timer-2,host3:server-five) JGRP000032: host3:server-five: no physical address for 107d4da7-49ae-d901-cdaa-06baa3fe1f53, dropping message
2017-01-23 20:46:47,897 WARN  [org.jgroups.protocols.TCP] (Timer-3,host3:server-five) JGRP000032: host3:server-five: no physical address for 551d50d7-d36e-a1f9-8cd3-e02b9bea6469, dropping message
2017-01-23 20:46:47,899 WARN  [org.jgroups.protocols.TCP] (Timer-3,host3:server-five) JGRP000032: host3:server-five: no physical address for 107d4da7-49ae-d901-cdaa-06baa3fe1f53, dropping message
2017-01-23 20:46:49,900 WARN  [org.jgroups.protocols.TCP] (Timer-3,host3:server-five) JGRP000032: host3:server-five: no physical address for 551d50d7-d36e-a1f9-8cd3-e02b9bea6469, dropping message
2017-01-23 20:46:49,900 WARN  [org.jgroups.protocols.TCP] (Timer-3,host3:server-five) JGRP000032: host3:server-five: no physical address for 107d4da7-49ae-d901-cdaa-06baa3fe1f53, dropping message
2017-01-23 20:46:50,368 INFO  [org.infinispan.remoting.transport.jgroups.JGroupsTransport] (Incoming-1,host3:server-five) ISPN000093: Received new, MERGED cluster view for channel clustered: MergeView::[host3:server-five|4] (4) [host3:server-five, host2:server-three, host3:server-six, host2:server-four], 1 subgroups: [host3:server-five|1] (2) [host3:server-five, host3:server-six]
2017-01-23 20:46:51,901 WARN  [org.jgroups.protocols.TCP] (Timer-3,host3:server-five) JGRP000032: host3:server-five: no physical address for 551d50d7-d36e-a1f9-8cd3-e02b9bea6469, dropping message
2017-01-23 20:46:51,902 WARN  [org.jgroups.protocols.TCP] (Timer-3,host3:server-five) JGRP000032: host3:server-five: no physical address for 107d4da7-49ae-d901-cdaa-06baa3fe1f53, dropping message
2017-01-23 20:46:52,431 WARN  [org.infinispan.CLUSTER] (transport-thread--p4-t12) [Context=AutoCACache]ISPN000314: Lost at least half of the stable members, possible split brain causing data inconsistency. Current members are [host2:server-three, host2:server-four], lost members are [107d4da7-49ae-d901-cdaa-06baa3fe1f53, 551d50d7-d36e-a1f9-8cd3-e02b9bea6469], stable members are [107d4da7-49ae-d901-cdaa-06baa3fe1f53, 551d50d7-d36e-a1f9-8cd3-e02b9bea6469, host2:server-three, host2:server-four]
2017-01-23 20:46:52,432 FATAL [org.infinispan.CLUSTER] (transport-thread--p4-t16) [Context=memcachedCache]ISPN000313: Lost data because of abrupt leavers [107d4da7-49ae-d901-cdaa-06baa3fe1f53, 551d50d7-d36e-a1f9-8cd3-e02b9bea6469]
2017-01-23 20:46:52,435 WARN  [org.infinispan.CLUSTER] (transport-thread--p4-t14) [Context=___protobuf_metadata]ISPN000314: Lost at least half of the stable members, possible split brain causing data inconsistency. Current members are [host2:server-three, host2:server-four], lost members are [107d4da7-49ae-d901-cdaa-06baa3fe1f53, 551d50d7-d36e-a1f9-8cd3-e02b9bea6469], stable members are [107d4da7-49ae-d901-cdaa-06baa3fe1f53, 551d50d7-d36e-a1f9-8cd3-e02b9bea6469, host2:server-three, host2:server-four]
2017-01-23 20:46:52,436 WARN  [org.infinispan.CLUSTER] (transport-thread--p4-t15) [Context=___script_cache]ISPN000314: Lost at least half of the stable members, possible split brain causing data inconsistency. Current members are [host2:server-three, host2:server-four], lost members are [107d4da7-49ae-d901-cdaa-06baa3fe1f53, 551d50d7-d36e-a1f9-8cd3-e02b9bea6469], stable members are [107d4da7-49ae-d901-cdaa-06baa3fe1f53, 551d50d7-d36e-a1f9-8cd3-e02b9bea6469, host2:server-three, host2:server-four]
2017-01-23 20:46:52,443 INFO  [org.infinispan.CLUSTER] (transport-thread--p4-t12) ISPN000310: Starting cluster-wide rebalance for cache AutoCACache, topology CacheTopology{id=10, rebalanceId=6, currentCH=DefaultConsistentHash{ns=60, owners = (2)[host2:server-three: 28+14, host2:server-four: 32+18]}, pendingCH=DefaultConsistentHash{ns=60, owners = (4)[host2:server-three: 16+31, host2:server-four: 16+27, host3:server-five: 13+27, host3:server-six: 15+35]}, unionCH=null, actualMembers=[host2:server-three, host2:server-four, host3:server-five, host3:server-six]}
2017-01-23 20:46:52,444 INFO  [org.infinispan.CLUSTER] (transport-thread--p4-t12) [Context=AutoCACache][Context=host3:server-five]ISPN100002: Started local rebalance
2017-01-23 20:46:52,447 WARN  [org.infinispan.CLUSTER] (transport-thread--p4-t13) [Context=___hotRodTopologyCache]ISPN000314: Lost at least half of the stable members, possible split brain causing data inconsistency. Current members are [host2:server-three, host2:server-four], lost members are [107d4da7-49ae-d901-cdaa-06baa3fe1f53, 551d50d7-d36e-a1f9-8cd3-e02b9bea6469], stable members are [107d4da7-49ae-d901-cdaa-06baa3fe1f53, 551d50d7-d36e-a1f9-8cd3-e02b9bea6469, host2:server-three, host2:server-four]
2017-01-23 20:46:52,450 INFO  [org.infinispan.CLUSTER] (transport-thread--p4-t16) ISPN000310: Starting cluster-wide rebalance for cache memcachedCache, topology CacheTopology{id=10, rebalanceId=6, currentCH=DefaultConsistentHash{ns=20, owners = (2)[host2:server-three: 10+1, host2:server-four: 10+1]}, pendingCH=DefaultConsistentHash{ns=20, owners = (4)[host3:server-five: 5+6, host3:server-six: 5+4, host2:server-three: 5+4, host2:server-four: 5+6]}, unionCH=null, actualMembers=[host3:server-five, host3:server-six, host2:server-three, host2:server-four]}
2017-01-23 20:46:52,451 INFO  [org.infinispan.CLUSTER] (transport-thread--p4-t16) [Context=memcachedCache][Context=host3:server-five]ISPN100002: Started local rebalance
2017-01-23 20:46:52,451 FATAL [org.infinispan.CLUSTER] (transport-thread--p4-t11) [Context=default]ISPN000313: Lost data because of abrupt leavers [107d4da7-49ae-d901-cdaa-06baa3fe1f53, 551d50d7-d36e-a1f9-8cd3-e02b9bea6469]
2017-01-23 20:46:52,451 INFO  [org.infinispan.CLUSTER] (transport-thread--p4-t14) ISPN000310: Starting cluster-wide rebalance for cache ___protobuf_metadata, topology CacheTopology{id=10, rebalanceId=6, currentCH=ReplicatedConsistentHash{ns = 256, owners = (2)[host2:server-three: 124, host2:server-four: 132]}, pendingCH=ReplicatedConsistentHash{ns = 256, owners = (4)[host3:server-five: 67, host3:server-six: 60, host2:server-three: 63, host2:server-four: 66]}, unionCH=null, actualMembers=[host3:server-five, host3:server-six, host2:server-three, host2:server-four]}
2017-01-23 20:46:52,457 INFO  [org.infinispan.CLUSTER] (transport-thread--p4-t15) ISPN000310: Starting cluster-wide rebalance for cache ___script_cache, topology CacheTopology{id=10, rebalanceId=6, currentCH=ReplicatedConsistentHash{ns = 256, owners = (2)[host2:server-three: 124, host2:server-four: 132]}, pendingCH=ReplicatedConsistentHash{ns = 256, owners = (4)[host3:server-five: 67, host3:server-six: 60, host2:server-three: 63, host2:server-four: 66]}, unionCH=null, actualMembers=[host3:server-five, host3:server-six, host2:server-three, host2:server-four]}
2017-01-23 20:46:52,457 INFO  [org.infinispan.CLUSTER] (transport-thread--p4-t14) [Context=___protobuf_metadata][Context=host3:server-five]ISPN100002: Started local rebalance
2017-01-23 20:46:52,457 INFO  [org.infinispan.CLUSTER] (transport-thread--p4-t15) [Context=___script_cache][Context=host3:server-five]ISPN100002: Started local rebalance
2017-01-23 20:46:52,457 INFO  [org.infinispan.CLUSTER] (transport-thread--p4-t13) ISPN000310: Starting cluster-wide rebalance for cache ___hotRodTopologyCache, topology CacheTopology{id=10, rebalanceId=6, currentCH=ReplicatedConsistentHash{ns = 256, owners = (2)[host2:server-three: 124, host2:server-four: 132]}, pendingCH=ReplicatedConsistentHash{ns = 256, owners = (4)[host3:server-five: 67, host3:server-six: 60, host2:server-three: 63, host2:server-four: 66]}, unionCH=null, actualMembers=[host3:server-five, host3:server-six, host2:server-three, host2:server-four]}
2017-01-23 20:46:52,457 INFO  [org.infinispan.CLUSTER] (transport-thread--p4-t11) ISPN000310: Starting cluster-wide rebalance for cache default, topology CacheTopology{id=10, rebalanceId=6, currentCH=DefaultConsistentHash{ns=20, owners = (2)[host2:server-three: 10+1, host2:server-four: 10+1]}, pendingCH=DefaultConsistentHash{ns=20, owners = (4)[host3:server-five: 5+6, host3:server-six: 5+4, host2:server-three: 5+4, host2:server-four: 5+6]}, unionCH=null, actualMembers=[host3:server-five, host3:server-six, host2:server-three, host2:server-four]}
2017-01-23 20:46:52,458 INFO  [org.infinispan.CLUSTER] (transport-thread--p4-t13) [Context=___hotRodTopologyCache][Context=host3:server-five]ISPN100002: Started local rebalance
2017-01-23 20:46:52,458 INFO  [org.infinispan.CLUSTER] (transport-thread--p4-t11) [Context=default][Context=host3:server-five]ISPN100002: Started local rebalance
2017-01-23 20:46:52,463 INFO  [org.infinispan.CLUSTER] (remote-thread--p2-t2) [Context=___hotRodTopologyCache][Context=host2:server-three]ISPN100003: Finished local rebalance
2017-01-23 20:46:52,464 INFO  [org.infinispan.CLUSTER] (remote-thread--p2-t7) [Context=___script_cache][Context=host2:server-three]ISPN100003: Finished local rebalance
2017-01-23 20:46:52,463 INFO  [org.infinispan.CLUSTER] (remote-thread--p2-t5) [Context=___protobuf_metadata][Context=host2:server-three]ISPN100003: Finished local rebalance
2017-01-23 20:46:52,465 INFO  [org.infinispan.CLUSTER] (remote-thread--p2-t6) [Context=___script_cache][Context=host2:server-four]ISPN100003: Finished local rebalance
2017-01-23 20:46:52,473 INFO  [org.infinispan.CLUSTER] (remote-thread--p2-t10) [Context=AutoCACache][Context=host2:server-four]ISPN100003: Finished local rebalance
2017-01-23 20:46:52,475 INFO  [org.infinispan.CLUSTER] (remote-thread--p2-t13) [Context=___protobuf_metadata][Context=host2:server-four]ISPN100003: Finished local rebalance
2017-01-23 20:46:52,481 INFO  [org.infinispan.CLUSTER] (remote-thread--p2-t12) [Context=___hotRodTopologyCache][Context=host2:server-four]ISPN100003: Finished local rebalance
2017-01-23 20:46:52,489 INFO  [org.infinispan.CLUSTER] (remote-thread--p2-t18) [Context=memcachedCache][Context=host3:server-six]ISPN100003: Finished local rebalance
2017-01-23 20:46:52,489 INFO  [org.infinispan.CLUSTER] (remote-thread--p2-t17) [Context=AutoCACache][Context=host3:server-six]ISPN100003: Finished local rebalance
2017-01-23 20:46:52,488 INFO  [org.infinispan.CLUSTER] (remote-thread--p2-t16) [Context=default][Context=host2:server-four]ISPN100003: Finished local rebalance
2017-01-23 20:46:52,488 INFO  [org.infinispan.CLUSTER] (remote-thread--p2-t14) [Context=memcachedCache][Context=host2:server-three]ISPN100003: Finished local rebalance
2017-01-23 20:46:52,488 INFO  [org.infinispan.CLUSTER] (remote-thread--p2-t15) [Context=memcachedCache][Context=host2:server-four]ISPN100003: Finished local rebalance
2017-01-23 20:46:52,487 INFO  [org.infinispan.CLUSTER] (remote-thread--p2-t11) [Context=AutoCACache][Context=host2:server-three]ISPN100003: Finished local rebalance
2017-01-23 20:46:52,492 INFO  [org.infinispan.CLUSTER] (remote-thread--p2-t21) [Context=default][Context=host2:server-three]ISPN100003: Finished local rebalance
2017-01-23 20:46:52,502 INFO  [org.infinispan.CLUSTER] (remote-thread--p2-t18) [Context=default][Context=host3:server-six]ISPN100003: Finished local rebalance
2017-01-23 20:46:52,512 INFO  [org.infinispan.CLUSTER] (transport-thread--p4-t17) [Context=memcachedCache][Context=host3:server-five]ISPN100003: Finished local rebalance
2017-01-23 20:46:52,513 INFO  [org.infinispan.CLUSTER] (remote-thread--p2-t15) ISPN000336: Finished cluster-wide rebalance for cache memcachedCache, topology id = 10
2017-01-23 20:46:52,514 INFO  [org.infinispan.CLUSTER] (transport-thread--p4-t4) [Context=default][Context=host3:server-five]ISPN100003: Finished local rebalance
2017-01-23 20:46:52,515 INFO  [org.infinispan.CLUSTER] (transport-thread--p4-t4) ISPN000336: Finished cluster-wide rebalance for cache default, topology id = 10
2017-01-23 20:46:52,519 INFO  [org.infinispan.CLUSTER] (transport-thread--p4-t8) [Context=AutoCACache][Context=host3:server-five]ISPN100003: Finished local rebalance
2017-01-23 20:46:52,520 INFO  [org.infinispan.CLUSTER] (transport-thread--p4-t8) ISPN000336: Finished cluster-wide rebalance for cache AutoCACache, topology id = 10
2017-01-23 20:46:52,536 INFO  [org.infinispan.CLUSTER] (transport-thread--p4-t8) [Context=___protobuf_metadata][Context=host3:server-five]ISPN100003: Finished local rebalance
2017-01-23 20:46:52,539 INFO  [org.infinispan.CLUSTER] (transport-thread--p4-t24) [Context=___script_cache][Context=host3:server-five]ISPN100003: Finished local rebalance
2017-01-23 20:46:52,542 INFO  [org.infinispan.CLUSTER] (transport-thread--p4-t13) [Context=___hotRodTopologyCache][Context=host3:server-five]ISPN100003: Finished local rebalance
2017-01-23 20:46:52,543 INFO  [org.infinispan.CLUSTER] (remote-thread--p2-t5) [Context=___protobuf_metadata][Context=host3:server-six]ISPN100003: Finished local rebalance
2017-01-23 20:46:52,543 INFO  [org.infinispan.CLUSTER] (remote-thread--p2-t5) ISPN000336: Finished cluster-wide rebalance for cache ___protobuf_metadata, topology id = 10
2017-01-23 20:46:52,543 INFO  [org.infinispan.CLUSTER] (remote-thread--p2-t23) [Context=___script_cache][Context=host3:server-six]ISPN100003: Finished local rebalance
2017-01-23 20:46:52,544 INFO  [org.infinispan.CLUSTER] (remote-thread--p2-t23) ISPN000336: Finished cluster-wide rebalance for cache ___script_cache, topology id = 10
2017-01-23 20:46:52,547 INFO  [org.infinispan.CLUSTER] (remote-thread--p2-t24) [Context=___hotRodTopologyCache][Context=host3:server-six]ISPN100003: Finished local rebalance
2017-01-23 20:46:52,547 INFO  [org.infinispan.CLUSTER] (remote-thread--p2-t24) ISPN000336: Finished cluster-wide rebalance for cache ___hotRodTopologyCache, topology id = 10
2017-01-23 20:46:53,904 WARN  [org.jgroups.protocols.TCP] (Timer-3,host3:server-five) JGRP000032: host3:server-five: no physical address for 551d50d7-d36e-a1f9-8cd3-e02b9bea6469, dropping message
2017-01-23 20:46:53,905 WARN  [org.jgroups.protocols.TCP] (Timer-3,host3:server-five) JGRP000032: host3:server-five: no physical address for 107d4da7-49ae-d901-cdaa-06baa3fe1f53, dropping message
2017-01-23 20:46:55,906 WARN  [org.jgroups.protocols.TCP] (Timer-2,host3:server-five) JGRP000032: host3:server-five: no physical address for 551d50d7-d36e-a1f9-8cd3-e02b9bea6469, dropping message
2017-01-23 20:46:55,907 WARN  [org.jgroups.protocols.TCP] (Timer-2,host3:server-five) JGRP000032: host3:server-five: no physical address for 107d4da7-49ae-d901-cdaa-06baa3fe1f53, dropping message
2017-01-23 20:46:57,908 WARN  [org.jgroups.protocols.TCP] (Timer-3,host3:server-five) JGRP000032: host3:server-five: no physical address for 551d50d7-d36e-a1f9-8cd3-e02b9bea6469, dropping message
2017-01-23 20:46:57,909 WARN  [org.jgroups.protocols.TCP] (Timer-3,host3:server-five) JGRP000032: host3:server-five: no physical address for 107d4da7-49ae-d901-cdaa-06baa3fe1f53, dropping message
2017-01-23 20:46:59,910 WARN  [org.jgroups.protocols.TCP] (Timer-2,host3:server-five) JGRP000032: host3:server-five: no physical address for 551d50d7-d36e-a1f9-8cd3-e02b9bea6469, dropping message
2017-01-23 20:46:59,911 WARN  [org.jgroups.protocols.TCP] (Timer-2,host3:server-five) JGRP000032: host3:server-five: no physical address for 107d4da7-49ae-d901-cdaa-06baa3fe1f53, dropping message
2017-01-23 20:53:04,246 INFO  [org.infinispan.remoting.transport.jgroups.JGroupsTransport] (Incoming-2,host3:server-five) ISPN000094: Received new cluster view for channel clustered: [host3:server-five|5] (3) [host3:server-five, host3:server-six, host2:server-four]
2017-01-23 20:53:24,245 INFO  [org.infinispan.remoting.transport.jgroups.JGroupsTransport] (Incoming-2,host3:server-five) ISPN000094: Received new cluster view for channel clustered: [host3:server-five|6] (2) [host3:server-five, host3:server-six]
2017-01-23 20:53:24,251 FATAL [org.infinispan.CLUSTER] (transport-thread--p4-t16) [Context=default]ISPN000313: Lost data because of abrupt leavers [host2:server-three, host2:server-four]
2017-01-23 20:53:24,253 INFO  [org.infinispan.CLUSTER] (transport-thread--p4-t16) ISPN000310: Starting cluster-wide rebalance for cache default, topology CacheTopology{id=13, rebalanceId=7, currentCH=DefaultConsistentHash{ns=20, owners = (2)[host3:server-five: 11+4, host3:server-six: 9+4]}, pendingCH=DefaultConsistentHash{ns=20, owners = (2)[host3:server-five: 10+10, host3:server-six: 10+10]}, unionCH=null, actualMembers=[host3:server-five, host3:server-six]}
2017-01-23 20:53:24,254 INFO  [org.infinispan.CLUSTER] (transport-thread--p4-t16) [Context=default][Context=host3:server-five]ISPN100002: Started local rebalance
2017-01-23 20:53:24,255 WARN  [org.infinispan.CLUSTER] (transport-thread--p4-t16) [Context=___hotRodTopologyCache]ISPN000314: Lost at least half of the stable members, possible split brain causing data inconsistency. Current members are [host3:server-five, host3:server-six], lost members are [host2:server-three, host2:server-four], stable members are [host3:server-five, host3:server-six, host2:server-three, host2:server-four]
2017-01-23 20:53:24,260 WARN  [org.infinispan.CLUSTER] (transport-thread--p4-t16) [Context=AutoCACache]ISPN000314: Lost at least half of the stable members, possible split brain causing data inconsistency. Current members are [host3:server-five, host3:server-six], lost members are [host2:server-three, host2:server-four], stable members are [host2:server-three, host2:server-four, host3:server-five, host3:server-six]
2017-01-23 20:53:24,263 INFO  [org.infinispan.CLUSTER] (transport-thread--p4-t16) ISPN000310: Starting cluster-wide rebalance for cache AutoCACache, topology CacheTopology{id=13, rebalanceId=7, currentCH=DefaultConsistentHash{ns=60, owners = (2)[host3:server-five: 22+18, host3:server-six: 38+12]}, pendingCH=DefaultConsistentHash{ns=60, owners = (2)[host3:server-five: 29+31, host3:server-six: 31+29]}, unionCH=null, actualMembers=[host3:server-five, host3:server-six]}
2017-01-23 20:53:24,264 INFO  [org.infinispan.CLUSTER] (transport-thread--p4-t16) [Context=AutoCACache][Context=host3:server-five]ISPN100002: Started local rebalance
2017-01-23 20:53:24,266 WARN  [org.infinispan.CLUSTER] (transport-thread--p4-t16) [Context=___protobuf_metadata]ISPN000314: Lost at least half of the stable members, possible split brain causing data inconsistency. Current members are [host3:server-five, host3:server-six], lost members are [host2:server-three, host2:server-four], stable members are [host3:server-five, host3:server-six, host2:server-three, host2:server-four]
2017-01-23 20:53:24,270 FATAL [org.infinispan.CLUSTER] (transport-thread--p4-t16) [Context=memcachedCache]ISPN000313: Lost data because of abrupt leavers [host2:server-three, host2:server-four]
2017-01-23 20:53:24,272 INFO  [org.infinispan.CLUSTER] (transport-thread--p4-t16) ISPN000310: Starting cluster-wide rebalance for cache memcachedCache, topology CacheTopology{id=13, rebalanceId=7, currentCH=DefaultConsistentHash{ns=20, owners = (2)[host3:server-five: 11+4, host3:server-six: 9+4]}, pendingCH=DefaultConsistentHash{ns=20, owners = (2)[host3:server-five: 10+10, host3:server-six: 10+10]}, unionCH=null, actualMembers=[host3:server-five, host3:server-six]}
2017-01-23 20:53:24,272 INFO  [org.infinispan.CLUSTER] (transport-thread--p4-t16) [Context=memcachedCache][Context=host3:server-five]ISPN100002: Started local rebalance
2017-01-23 20:53:24,275 WARN  [org.infinispan.CLUSTER] (transport-thread--p4-t16) [Context=___script_cache]ISPN000314: Lost at least half of the stable members, possible split brain causing data inconsistency. Current members are [host3:server-five, host3:server-six], lost members are [host2:server-three, host2:server-four], stable members are [host3:server-five, host3:server-six, host2:server-three, host2:server-four]
2017-01-23 20:53:24,280 INFO  [org.infinispan.CLUSTER] (remote-thread--p2-t3) [Context=AutoCACache][Context=host3:server-six]ISPN100003: Finished local rebalance
2017-01-23 20:53:24,280 INFO  [org.infinispan.CLUSTER] (remote-thread--p2-t13) [Context=default][Context=host3:server-six]ISPN100003: Finished local rebalance
2017-01-23 20:53:24,286 INFO  [org.infinispan.CLUSTER] (transport-thread--p4-t23) [Context=memcachedCache][Context=host3:server-five]ISPN100003: Finished local rebalance
2017-01-23 20:53:24,286 INFO  [org.infinispan.CLUSTER] (transport-thread--p4-t10) [Context=default][Context=host3:server-five]ISPN100003: Finished local rebalance
2017-01-23 20:53:24,286 INFO  [org.infinispan.CLUSTER] (transport-thread--p4-t10) ISPN000336: Finished cluster-wide rebalance for cache default, topology id = 13
2017-01-23 20:53:24,288 INFO  [org.infinispan.CLUSTER] (remote-thread--p2-t10) [Context=memcachedCache][Context=host3:server-six]ISPN100003: Finished local rebalance
2017-01-23 20:53:24,289 INFO  [org.infinispan.CLUSTER] (transport-thread--p4-t22) [Context=AutoCACache][Context=host3:server-five]ISPN100003: Finished local rebalance
2017-01-23 20:53:24,289 INFO  [org.infinispan.CLUSTER] (remote-thread--p2-t10) ISPN000336: Finished cluster-wide rebalance for cache memcachedCache, topology id = 13
2017-01-23 20:53:24,289 INFO  [org.infinispan.CLUSTER] (transport-thread--p4-t22) ISPN000336: Finished cluster-wide rebalance for cache AutoCACache, topology id = 13
