2017-01-23 20:45:29,070 INFO  [org.jboss.modules] (main) JBoss Modules version 1.5.1.Final
2017-01-23 20:45:29,548 INFO  [org.jboss.msc] (main) JBoss MSC version 1.2.6.Final
2017-01-23 20:45:29,766 INFO  [org.jboss.as] (MSC service thread 1-6) WFLYSRV0049: Infinispan Server 8.2.4.Final (WildFly Core 2.0.10.Final) starting
2017-01-23 20:45:29,770 DEBUG [org.jboss.as.config] (MSC service thread 1-6) Configured system properties:
	[Server:server-three] = 
	awt.toolkit = sun.awt.X11.XToolkit
	file.encoding = UTF-8
	file.encoding.pkg = sun.io
	file.separator = /
	java.awt.graphicsenv = sun.awt.X11GraphicsEnvironment
	java.awt.headless = true
	java.awt.printerjob = sun.print.PSPrinterJob
	java.class.path = /usr/local/infinispan-server-8.2.4.Final/jboss-modules.jar
	java.class.version = 52.0
	java.endorsed.dirs = /usr/java/jre1.8.0_102/lib/endorsed
	java.ext.dirs = /usr/java/jre1.8.0_102/lib/ext:/usr/java/packages/lib/ext
	java.home = /usr/java/jre1.8.0_102
	java.io.tmpdir = /tmp
	java.library.path = /usr/java/jre1.8.0_102/lib/amd64/server:/usr/java/jre1.8.0_102/lib/amd64:/usr/java/jre1.8.0_102/../lib/amd64::/lib64:/usr/lib64:/usr/local/lib64:/lib:/usr/lib/gcc:/usr/local/lib:/asw/lib:/usr/local/intel:/usr/lib64/libglib-2.0.so.0.2200.5:/h/SPTasker/SPTasker/Linux64_Runtime_Libs:/usr/java/jre1.8.0_102/lib/amd64/server:/asw/asw_obsproc/obsproc/lib/c:/usr/lib/oracle/11.2/client64/lib:/usr/java/packages/lib/amd64:/usr/lib64:/lib64:/lib:/usr/lib
	java.net.preferIPv4Stack = true
	java.runtime.name = Java(TM) SE Runtime Environment
	java.runtime.version = 1.8.0_102-b14
	java.specification.name = Java Platform API Specification
	java.specification.vendor = Oracle Corporation
	java.specification.version = 1.8
	java.util.logging.manager = org.jboss.logmanager.LogManager
	java.vendor = Oracle Corporation
	java.vendor.url = http://java.oracle.com/
	java.vendor.url.bug = http://bugreport.sun.com/bugreport/
	java.version = 1.8.0_102
	java.vm.info = mixed mode
	java.vm.name = Java HotSpot(TM) 64-Bit Server VM
	java.vm.specification.name = Java Virtual Machine Specification
	java.vm.specification.vendor = Oracle Corporation
	java.vm.specification.version = 1.8
	java.vm.vendor = Oracle Corporation
	java.vm.version = 25.102-b14
	javax.management.builder.initial = org.jboss.as.jmx.PluggableMBeanServerBuilder
	javax.xml.datatype.DatatypeFactory = __redirected.__DatatypeFactory
	javax.xml.parsers.DocumentBuilderFactory = __redirected.__DocumentBuilderFactory
	javax.xml.parsers.SAXParserFactory = __redirected.__SAXParserFactory
	javax.xml.stream.XMLEventFactory = __redirected.__XMLEventFactory
	javax.xml.stream.XMLInputFactory = __redirected.__XMLInputFactory
	javax.xml.stream.XMLOutputFactory = __redirected.__XMLOutputFactory
	javax.xml.transform.TransformerFactory = __redirected.__TransformerFactory
	javax.xml.validation.SchemaFactory:http://www.w3.org/2001/XMLSchema = __redirected.__SchemaFactory
	javax.xml.xpath.XPathFactory:http://java.sun.com/jaxp/xpath/dom = __redirected.__XPathFactory
	jboss.domain.base.dir = /usr/local/infinispan-server-8.2.4.Final/domain
	jboss.domain.config.dir = /usr/local/infinispan-server-8.2.4.Final/domain/configuration
	jboss.home.dir = /usr/local/infinispan-server-8.2.4.Final
	jboss.host.name = jmsbaswca1-02
	jboss.modules.dir = /usr/local/infinispan-server-8.2.4.Final/modules
	jboss.modules.system.pkgs = org.jboss.byteman
	jboss.node.name = host2:server-three
	jboss.qualified.host.name = jmsbaswca1-02
	jboss.server.base.dir = /usr/local/infinispan-server-8.2.4.Final/domain/servers/server-three
	jboss.server.config.dir = /usr/local/infinispan-server-8.2.4.Final/domain/servers/server-three/configuration
	jboss.server.data.dir = /usr/local/infinispan-server-8.2.4.Final/domain/servers/server-three/data
	jboss.server.deploy.dir = /usr/local/infinispan-server-8.2.4.Final/domain/servers/server-three/data/content
	jboss.server.log.dir = /usr/local/infinispan-server-8.2.4.Final/domain/servers/server-three/log
	jboss.server.name = server-three
	jboss.server.persist.config = true
	jboss.server.temp.dir = /usr/local/infinispan-server-8.2.4.Final/domain/servers/server-three/tmp
	line.separator = 

	logging.configuration = file:/usr/local/infinispan-server-8.2.4.Final/domain/configuration/default-server-logging.properties
	module.path = /usr/local/infinispan-server-8.2.4.Final/modules
	org.jboss.boot.log.file = /usr/local/infinispan-server-8.2.4.Final/domain/servers/server-three/log/server.log
	org.jboss.resolver.warning = true
	org.xml.sax.driver = __redirected.__XMLReaderFactory
	os.arch = amd64
	os.name = Linux
	os.version = 3.10.0-327.36.1.el7.x86_64
	path.separator = :
	sun.arch.data.model = 64
	sun.boot.class.path = /usr/java/jre1.8.0_102/lib/resources.jar:/usr/java/jre1.8.0_102/lib/rt.jar:/usr/java/jre1.8.0_102/lib/sunrsasign.jar:/usr/java/jre1.8.0_102/lib/jsse.jar:/usr/java/jre1.8.0_102/lib/jce.jar:/usr/java/jre1.8.0_102/lib/charsets.jar:/usr/java/jre1.8.0_102/lib/jfr.jar:/usr/java/jre1.8.0_102/classes
	sun.boot.library.path = /usr/java/jre1.8.0_102/lib/amd64
	sun.cpu.endian = little
	sun.cpu.isalist = 
	sun.io.unicode.encoding = UnicodeLittle
	sun.java.command = /usr/local/infinispan-server-8.2.4.Final/jboss-modules.jar -mp /usr/local/infinispan-server-8.2.4.Final/modules org.jboss.as.server
	sun.java.launcher = SUN_STANDARD
	sun.jnu.encoding = UTF-8
	sun.management.compiler = HotSpot 64-Bit Tiered Compilers
	sun.os.patch.level = unknown
	user.country = US
	user.dir = /usr/local/infinispan-server-8.2.4.Final
	user.home = /home/ispn
	user.language = en
	user.name = ispn
	user.timezone = Africa/Monrovia
2017-01-23 20:45:29,771 DEBUG [org.jboss.as.config] (MSC service thread 1-6) VM Arguments: -D[Server:server-three] -Xms64m -Xmx512m -Djava.awt.headless=true -Djava.net.preferIPv4Stack=true -Djboss.home.dir=/usr/local/infinispan-server-8.2.4.Final -Djboss.modules.system.pkgs=org.jboss.byteman -Djboss.server.log.dir=/usr/local/infinispan-server-8.2.4.Final/domain/servers/server-three/log -Djboss.server.temp.dir=/usr/local/infinispan-server-8.2.4.Final/domain/servers/server-three/tmp -Djboss.server.data.dir=/usr/local/infinispan-server-8.2.4.Final/domain/servers/server-three/data -Dorg.jboss.boot.log.file=/usr/local/infinispan-server-8.2.4.Final/domain/servers/server-three/log/server.log -Dlogging.configuration=file:/usr/local/infinispan-server-8.2.4.Final/domain/configuration/default-server-logging.properties 
2017-01-23 20:45:29,920 INFO  [org.xnio] (MSC service thread 1-5) XNIO version 3.3.4.Final
2017-01-23 20:45:29,934 INFO  [org.xnio.nio] (MSC service thread 1-5) XNIO NIO Implementation Version 3.3.4.Final
2017-01-23 20:45:29,992 INFO  [org.jboss.remoting] (MSC service thread 1-5) JBoss Remoting version 4.0.18.Final
2017-01-23 20:45:32,050 INFO  [org.jboss.as.controller.management-deprecated] (ServerService Thread Pool -- 13) WFLYCTL0028: Attribute 'default-stack' in the resource at address '/subsystem=datagrid-jgroups' is deprecated, and may be removed in future version. See the attribute description in the output of the read-resource-description operation to learn more about the deprecation.
2017-01-23 20:45:32,452 INFO  [org.jboss.as.clustering.infinispan] (ServerService Thread Pool -- 19) Activating Infinispan subsystem.
2017-01-23 20:45:32,459 WARN  [org.jboss.as.txn] (ServerService Thread Pool -- 29) WFLYTX0013: Node identifier property is set to the default value. Please make sure it is unique.
2017-01-23 20:45:32,462 INFO  [org.infinispan.server.jgroups] (ServerService Thread Pool -- 21) DGJGRP0001: Activating JGroups subsystem.
2017-01-23 20:45:32,470 INFO  [org.jboss.as.naming] (ServerService Thread Pool -- 25) WFLYNAM0001: Activating Naming Subsystem
2017-01-23 20:45:32,474 INFO  [org.wildfly.extension.io] (ServerService Thread Pool -- 18) WFLYIO001: Worker 'default' has auto-configured to 32 core threads with 256 task threads based on your 16 available processors
2017-01-23 20:45:32,475 INFO  [org.jboss.as.security] (ServerService Thread Pool -- 27) WFLYSEC0002: Activating Security Subsystem
2017-01-23 20:45:32,468 INFO  [org.jboss.as.connector.subsystems.datasources] (ServerService Thread Pool -- 17) WFLYJCA0004: Deploying JDBC-compliant driver class org.h2.Driver (version 1.3)
2017-01-23 20:45:32,498 INFO  [org.jboss.as.security] (MSC service thread 1-6) WFLYSEC0001: Current PicketBox version=4.9.4.Final
2017-01-23 20:45:32,707 INFO  [org.jboss.as.connector] (MSC service thread 1-5) WFLYJCA0009: Starting JCA Subsystem (WildFly/IronJacamar 1.3.2.Final)
2017-01-23 20:45:32,739 INFO  [org.jboss.as.connector.deployers.jdbc] (MSC service thread 1-5) WFLYJCA0018: Started Driver service with driver-name = h2
2017-01-23 20:45:32,782 INFO  [org.jboss.as.naming] (MSC service thread 1-7) WFLYNAM0003: Starting Naming Service
2017-01-23 20:45:33,243 WARN  [org.infinispan.configuration.cache.IndexingConfigurationBuilder] (ServerService Thread Pool -- 19) ISPN000403: No indexable classes were defined for this indexed cache; switching to autodetection (support for autodetection will be removed in Infinispan 9.0).
2017-01-23 20:45:33,306 INFO  [org.jboss.as.connector.subsystems.datasources] (MSC service thread 1-5) WFLYJCA0001: Bound data source [java:jboss/datasources/ExampleDS]
2017-01-23 20:45:34,954 INFO  [org.infinispan.remoting.transport.jgroups.JGroupsTransport] (MSC service thread 1-8) ISPN000078: Starting JGroups channel clustered
2017-01-23 20:45:34,996 INFO  [org.infinispan.remoting.transport.jgroups.JGroupsTransport] (MSC service thread 1-8) ISPN000094: Received new cluster view for channel clustered: [host1:server-one|2] (3) [host1:server-one, host1:server-two, host2:server-three]
2017-01-23 20:45:35,011 INFO  [org.infinispan.remoting.transport.jgroups.JGroupsTransport] (MSC service thread 1-8) ISPN000079: Channel clustered local address is host2:server-three, physical addresses are [172.30.174.232:7600]
2017-01-23 20:45:35,077 INFO  [org.infinispan.factories.GlobalComponentRegistry] (MSC service thread 1-8) ISPN000128: Infinispan version: Infinispan 'Chakra' 8.2.4.Final
2017-01-23 20:45:35,230 WARN  [org.infinispan.configuration.cache.IndexingConfigurationBuilder] (MSC service thread 1-4) ISPN000403: No indexable classes were defined for this indexed cache; switching to autodetection (support for autodetection will be removed in Infinispan 9.0).
2017-01-23 20:45:35,254 WARN  [org.infinispan.configuration.cache.IndexingConfigurationBuilder] (MSC service thread 1-4) ISPN000403: No indexable classes were defined for this indexed cache; switching to autodetection (support for autodetection will be removed in Infinispan 9.0).
2017-01-23 20:45:35,264 WARN  [org.infinispan.configuration.cache.IndexingConfigurationBuilder] (MSC service thread 1-4) ISPN000403: No indexable classes were defined for this indexed cache; switching to autodetection (support for autodetection will be removed in Infinispan 9.0).
2017-01-23 20:45:36,057 INFO  [org.infinispan.expiration.impl.ExpirationManagerImpl] (MSC service thread 1-6) ISPN000025: wakeUpInterval is <= 0, not starting expired purge thread
2017-01-23 20:45:36,057 INFO  [org.infinispan.expiration.impl.ExpirationManagerImpl] (MSC service thread 1-7) ISPN000025: wakeUpInterval is <= 0, not starting expired purge thread
2017-01-23 20:45:36,057 INFO  [org.infinispan.expiration.impl.ExpirationManagerImpl] (MSC service thread 1-1) ISPN000025: wakeUpInterval is <= 0, not starting expired purge thread
2017-01-23 20:45:36,210 INFO  [org.jboss.as.clustering.infinispan] (MSC service thread 1-7) DGISPN0001: Started memcachedCache cache from clustered container
2017-01-23 20:45:36,209 INFO  [org.jboss.as.clustering.infinispan] (MSC service thread 1-6) DGISPN0001: Started AutoCACache cache from clustered container
2017-01-23 20:45:36,212 INFO  [org.jboss.as.clustering.infinispan] (MSC service thread 1-1) DGISPN0001: Started default cache from clustered container
2017-01-23 20:45:36,215 INFO  [org.infinispan.server.endpoint] (MSC service thread 1-1) DGENDPT10000: REST starting
2017-01-23 20:45:36,215 INFO  [org.infinispan.server.endpoint] (MSC service thread 1-6) DGENDPT10000: WebSocketServer starting
2017-01-23 20:45:36,218 INFO  [org.infinispan.server.endpoint] (MSC service thread 1-4) DGENDPT10000: HotRodServer starting
2017-01-23 20:45:36,215 INFO  [org.infinispan.server.endpoint] (MSC service thread 1-3) DGENDPT10000: MemcachedServer starting
2017-01-23 20:45:36,221 INFO  [org.infinispan.server.endpoint] (MSC service thread 1-4) DGENDPT10001: HotRodServer listening on 172.30.174.232:11222
2017-01-23 20:45:36,221 INFO  [org.infinispan.server.endpoint] (MSC service thread 1-6) DGENDPT10001: WebSocketServer listening on 172.30.174.232:8181
2017-01-23 20:45:36,221 INFO  [org.infinispan.server.endpoint] (MSC service thread 1-3) DGENDPT10001: MemcachedServer listening on 172.30.174.232:11211
2017-01-23 20:45:36,351 INFO  [org.jboss.as.clustering.infinispan] (MSC service thread 1-1) DGISPN0001: Started ___protobuf_metadata cache from clustered container
2017-01-23 20:45:36,396 INFO  [org.jboss.as.clustering.infinispan] (MSC service thread 1-1) DGISPN0001: Started ___script_cache cache from clustered container
2017-01-23 20:45:36,542 WARN  [org.infinispan.server.core.transport.NettyTransport] (MSC service thread 1-3) ISPN005028: Native Epoll transport not available, using NIO instead: /tmp/libnetty-transport-native-epoll2895728995082754794.so: /tmp/libnetty-transport-native-epoll2895728995082754794.so: failed to map segment from shared object: Operation not permitted
2017-01-23 20:45:36,542 WARN  [org.infinispan.server.core.transport.NettyTransport] (MSC service thread 1-6) ISPN005028: Native Epoll transport not available, using NIO instead: /tmp/libnetty-transport-native-epoll2895728995082754794.so: /tmp/libnetty-transport-native-epoll2895728995082754794.so: failed to map segment from shared object: Operation not permitted
2017-01-23 20:45:36,543 WARN  [org.infinispan.server.core.transport.NettyTransport] (MSC service thread 1-4) ISPN005028: Native Epoll transport not available, using NIO instead: /tmp/libnetty-transport-native-epoll2895728995082754794.so: /tmp/libnetty-transport-native-epoll2895728995082754794.so: failed to map segment from shared object: Operation not permitted
2017-01-23 20:45:36,840 INFO  [org.jboss.as.clustering.infinispan] (MSC service thread 1-4) DGISPN0001: Started ___hotRodTopologyCache cache from clustered container
2017-01-23 20:45:37,004 INFO  [org.infinispan.rest.NettyRestServer] (MSC service thread 1-1) ISPN012003: REST server starting, listening on 172.30.174.232:8080
2017-01-23 20:45:37,005 INFO  [org.infinispan.server.endpoint] (MSC service thread 1-1) DGENDPT10002: REST mapped to /rest
2017-01-23 20:45:37,143 INFO  [org.infinispan.remoting.transport.jgroups.JGroupsTransport] (Incoming-2,host2:server-three) ISPN000094: Received new cluster view for channel clustered: [host1:server-one|3] (4) [host1:server-one, host1:server-two, host2:server-three, host2:server-four]
2017-01-23 20:45:37,212 INFO  [org.jboss.as] (Controller Boot Thread) WFLYSRV0025: Infinispan Server 8.2.4.Final (WildFly Core 2.0.10.Final) started in 8968ms - Started 188 of 258 services (147 services are lazy, passive or on-demand)
2017-01-23 20:46:48,483 WARN  [org.jgroups.protocols.pbcast.NAKACK2] (OOB-15,host2:server-three) JGRP000011: host2:server-three: dropped message 4 from non-member host3:server-five (view=[host1:server-one|3] (4) [host1:server-one, host1:server-two, host2:server-three, host2:server-four])
2017-01-23 20:46:48,499 INFO  [org.infinispan.remoting.transport.jgroups.JGroupsTransport] (Incoming-1,host2:server-three) ISPN000093: Received new, MERGED cluster view for channel clustered: MergeView::[host3:server-five|4] (4) [host3:server-five, host2:server-three, host3:server-six, host2:server-four], 1 subgroups: [host3:server-five|1] (2) [host3:server-five, host3:server-six]
2017-01-23 20:48:04,702 WARN  [org.jgroups.protocols.pbcast.NAKACK2] (INT-2,host2:server-three) JGRP000011: host2:server-three: dropped message 42 from non-member host1:server-one (view=MergeView::[host3:server-five|4] (4) [host3:server-five, host2:server-three, host3:server-six, host2:server-four], 1 subgroups: [host3:server-five|1] (2) [host3:server-five, host3:server-six])
2017-01-23 20:49:55,540 WARN  [org.jgroups.protocols.pbcast.NAKACK2] (Incoming-2,host2:server-three) JGRP000011: host2:server-three: dropped message 83 from non-member host1:server-one (view=MergeView::[host3:server-five|4] (4) [host3:server-five, host2:server-three, host3:server-six, host2:server-four], 1 subgroups: [host3:server-five|1] (2) [host3:server-five, host3:server-six]) (received 2 identical messages from host1:server-one in the last 110838 ms)
2017-01-23 20:49:55,546 INFO  [org.infinispan.remoting.transport.jgroups.JGroupsTransport] (Incoming-2,host2:server-three) ISPN000093: Received new, MERGED cluster view for channel clustered: MergeView::[host1:server-one|6] (4) [host1:server-one, host2:server-three, host1:server-two, host2:server-four], 1 subgroups: [host1:server-one|5] (3) [host1:server-one, host1:server-two, host2:server-four]
2017-01-23 20:52:57,332 WARN  [org.jgroups.protocols.TCP] (Timer-2,host2:server-three) JGRP000032: host2:server-three: no physical address for host3:server-five, dropping message
2017-01-23 20:53:02,332 WARN  [org.jgroups.protocols.TCP] (Timer-2,host2:server-three) JGRP000032: host2:server-three: no physical address for host3:server-five, dropping message
